The system is: Linux - 6.2.0-34-generic - x86_64
Compiling the C compiler identification source file "CMakeCCompilerId.c" succeeded.
Compiler: /usr/bin/gcc 
Build flags: -g;-c;-O0;-m32;-fno-pie;-fno-stack-protector;-fno-asynchronous-unwind-tables
Id flags:  

The output was:
0


Compilation of the C compiler identification source "CMakeCCompilerId.c" produced "CMakeCCompilerId.o"

The C compiler identification is GNU, found in "/home/odyssey/os/diy-x86os/start/start/build/CMakeFiles/3.22.1/CompilerIdC/CMakeCCompilerId.o"

Determining if the C compiler works passed with the following output:
Change Dir: /home/odyssey/os/diy-x86os/start/start/build/CMakeFiles/CMakeTmp

Run Build Command(s):/usr/bin/gmake -f Makefile cmTC_9d43a/fast && /usr/bin/gmake  -f CMakeFiles/cmTC_9d43a.dir/build.make CMakeFiles/cmTC_9d43a.dir/build
gmake[1]: 进入目录“/home/odyssey/os/diy-x86os/start/start/build/CMakeFiles/CMakeTmp”
Building C object CMakeFiles/cmTC_9d43a.dir/testCCompiler.c.o
/usr/bin/gcc   -g -c -O0 -m32 -fno-pie -fno-stack-protector -fno-asynchronous-unwind-tables  -o CMakeFiles/cmTC_9d43a.dir/testCCompiler.c.o -c /home/odyssey/os/diy-x86os/start/start/build/CMakeFiles/CMakeTmp/testCCompiler.c
Linking C executable cmTC_9d43a
/usr/bin/cmake -E cmake_link_script CMakeFiles/cmTC_9d43a.dir/link.txt --verbose=1
/usr/bin/gcc -g -c -O0 -m32 -fno-pie -fno-stack-protector -fno-asynchronous-unwind-tables  -rdynamic CMakeFiles/cmTC_9d43a.dir/testCCompiler.c.o -o cmTC_9d43a 
gcc: warning: CMakeFiles/cmTC_9d43a.dir/testCCompiler.c.o: linker input file unused because linking not done
gmake[1]: 离开目录“/home/odyssey/os/diy-x86os/start/start/build/CMakeFiles/CMakeTmp”



Checking whether the ASM compiler is GNU using "--version" matched "(GNU assembler)|(GCC)|(Free Software Foundation)":
gcc (Ubuntu 11.4.0-1ubuntu1~22.04) 11.4.0
Copyright (C) 2021 Free Software Foundation, Inc.
This is free software; see the source for copying conditions.  There is NO
warranty; not even for MERCHANTABILITY or FITNESS FOR A PARTICULAR PURPOSE.

